0 info it worked if it ends with ok
1 verbose cli [ '/usr/local/bin/node',
1 verbose cli   '/usr/local/bin/npm',
1 verbose cli   'install',
1 verbose cli   '-g',
1 verbose cli   'cordova' ]
2 info using npm@2.14.20
3 info using node@v4.4.1
4 verbose install initial load of /usr/local/lib/package.json
5 verbose readDependencies loading dependencies from /usr/local/lib/package.json
6 silly cache add args [ 'cordova', null ]
7 verbose cache add spec cordova
8 silly cache add parsed spec Result {
8 silly cache add   raw: 'cordova',
8 silly cache add   scope: null,
8 silly cache add   name: 'cordova',
8 silly cache add   rawSpec: '',
8 silly cache add   spec: 'latest',
8 silly cache add   type: 'tag' }
9 silly addNamed cordova@latest
10 verbose addNamed "latest" is being treated as a dist-tag for cordova
11 info addNameTag [ 'cordova', 'latest' ]
12 silly mapToRegistry name cordova
13 silly mapToRegistry using default registry
14 silly mapToRegistry registry https://registry.npmjs.org/
15 silly mapToRegistry uri https://registry.npmjs.org/cordova
16 verbose addNameTag registry:https://registry.npmjs.org/cordova not in flight; fetching
17 verbose request uri https://registry.npmjs.org/cordova
18 verbose request no auth needed
19 info attempt registry request try #1 at 19:41:25
20 verbose request id 9600921578818379
21 verbose etag W/"5879c8c3-10474f"
22 verbose lastModified Sat, 14 Jan 2017 06:44:19 GMT
23 http request GET https://registry.npmjs.org/cordova
24 http 304 https://registry.npmjs.org/cordova
25 verbose headers { date: 'Thu, 19 Jan 2017 18:41:28 GMT',
25 verbose headers   via: '1.1 varnish',
25 verbose headers   'cache-control': 'max-age=300',
25 verbose headers   etag: 'W/"5879c8c3-10474f"',
25 verbose headers   age: '216',
25 verbose headers   connection: 'keep-alive',
25 verbose headers   'x-served-by': 'cache-lhr6336-LHR',
25 verbose headers   'x-cache': 'HIT',
25 verbose headers   'x-cache-hits': '1',
25 verbose headers   'x-timer': 'S1484851288.410035,VS0,VE0',
25 verbose headers   vary: 'Accept-Encoding' }
26 silly get cb [ 304,
26 silly get   { date: 'Thu, 19 Jan 2017 18:41:28 GMT',
26 silly get     via: '1.1 varnish',
26 silly get     'cache-control': 'max-age=300',
26 silly get     etag: 'W/"5879c8c3-10474f"',
26 silly get     age: '216',
26 silly get     connection: 'keep-alive',
26 silly get     'x-served-by': 'cache-lhr6336-LHR',
26 silly get     'x-cache': 'HIT',
26 silly get     'x-cache-hits': '1',
26 silly get     'x-timer': 'S1484851288.410035,VS0,VE0',
26 silly get     vary: 'Accept-Encoding' } ]
27 verbose etag https://registry.npmjs.org/cordova from cache
28 verbose get saving cordova to /Users/quentincacciatore/.npm/registry.npmjs.org/cordova/.cache.json
29 verbose correctMkdir /Users/quentincacciatore/.npm correctMkdir not in flight; initializing
30 silly addNameTag next cb for cordova with tag latest
31 silly addNamed cordova@6.4.0
32 verbose addNamed "6.4.0" is a plain semver version for cordova
33 silly cache afterAdd cordova@6.4.0
34 verbose afterAdd /Users/quentincacciatore/.npm/cordova/6.4.0/package/package.json not in flight; writing
35 verbose correctMkdir /Users/quentincacciatore/.npm correctMkdir not in flight; initializing
36 verbose afterAdd /Users/quentincacciatore/.npm/cordova/6.4.0/package/package.json written
37 silly install resolved [ { name: 'cordova',
37 silly install resolved     version: '6.4.0',
37 silly install resolved     preferGlobal: 'true',
37 silly install resolved     description: 'Cordova command line interface tool',
37 silly install resolved     main: 'cordova',
37 silly install resolved     engines: { node: '>=4.0.0' },
37 silly install resolved     bin: { cordova: './bin/cordova' },
37 silly install resolved     scripts:
37 silly install resolved      { test: 'node node_modules/jasmine-node/bin/jasmine-node --captureExceptions --color spec',
37 silly install resolved        cover: 'node node_modules/istanbul/lib/cli.js cover --root src --print detail node_modules/jasmine-node/bin/jasmine-node -- spec' },
37 silly install resolved     repository:
37 silly install resolved      { type: 'git',
37 silly install resolved        url: 'https://git-wip-us.apache.org/repos/asf/cordova-cli.git' },
37 silly install resolved     bugs:
37 silly install resolved      { url: 'https://issues.apache.org/jira/browse/CB',
37 silly install resolved        email: 'dev@cordova.apache.org' },
37 silly install resolved     keywords: [ 'cordova', 'client', 'cli' ],
37 silly install resolved     dependencies:
37 silly install resolved      { 'cordova-common': '1.5.x',
37 silly install resolved        'cordova-lib': '6.4.0',
37 silly install resolved        insight: '~0.8.2',
37 silly install resolved        nopt: '3.0.1',
37 silly install resolved        q: '1.0.1',
37 silly install resolved        underscore: '1.7.0',
37 silly install resolved        'update-notifier': '^0.5.0' },
37 silly install resolved     devDependencies: { istanbul: '^0.4.5', 'jasmine-node': '1.14.5' },
37 silly install resolved     author: { name: 'Anis Kadri' },
37 silly install resolved     contributors:
37 silly install resolved      [ [Object],
37 silly install resolved        [Object],
37 silly install resolved        [Object],
37 silly install resolved        [Object],
37 silly install resolved        [Object],
37 silly install resolved        [Object],
37 silly install resolved        [Object],
37 silly install resolved        [Object],
37 silly install resolved        [Object],
37 silly install resolved        [Object],
37 silly install resolved        [Object],
37 silly install resolved        [Object],
37 silly install resolved        [Object],
37 silly install resolved        [Object],
37 silly install resolved        [Object],
37 silly install resolved        [Object],
37 silly install resolved        [Object],
37 silly install resolved        [Object],
37 silly install resolved        [Object],
37 silly install resolved        [Object],
37 silly install resolved        [Object],
37 silly install resolved        [Object],
37 silly install resolved        [Object],
37 silly install resolved        [Object] ],
37 silly install resolved     license: 'Apache-2.0',
37 silly install resolved     _id: 'cordova@6.4.0',
37 silly install resolved     _shasum: '3fd9e8b9ad77a6a93ec76947704de21ac2991776',
37 silly install resolved     _resolved: 'https://registry.npmjs.org/cordova/-/cordova-6.4.0.tgz',
37 silly install resolved     _from: 'cordova@latest',
37 silly install resolved     _npmVersion: '4.0.0',
37 silly install resolved     _nodeVersion: '6.6.0',
37 silly install resolved     _npmUser: { name: 'stevegill', email: 'stevengill97@gmail.com' },
37 silly install resolved     dist:
37 silly install resolved      { shasum: '3fd9e8b9ad77a6a93ec76947704de21ac2991776',
37 silly install resolved        tarball: 'https://registry.npmjs.org/cordova/-/cordova-6.4.0.tgz' },
37 silly install resolved     maintainers:
37 silly install resolved      [ [Object],
37 silly install resolved        [Object],
37 silly install resolved        [Object],
37 silly install resolved        [Object],
37 silly install resolved        [Object],
37 silly install resolved        [Object],
37 silly install resolved        [Object],
37 silly install resolved        [Object],
37 silly install resolved        [Object],
37 silly install resolved        [Object],
37 silly install resolved        [Object],
37 silly install resolved        [Object],
37 silly install resolved        [Object],
37 silly install resolved        [Object],
37 silly install resolved        [Object],
37 silly install resolved        [Object],
37 silly install resolved        [Object],
37 silly install resolved        [Object] ],
37 silly install resolved     _npmOperationalInternal:
37 silly install resolved      { host: 'packages-18-east.internal.npmjs.com',
37 silly install resolved        tmp: 'tmp/cordova-6.4.0.tgz_1477514706896_0.4209229650441557' },
37 silly install resolved     directories: {},
37 silly install resolved     readme: 'ERROR: No README data found!' } ]
38 info install cordova@6.4.0 into /usr/local/lib
39 info installOne cordova@6.4.0
40 verbose installOne of cordova to /usr/local/lib not in flight; installing
41 verbose correctMkdir /Users/quentincacciatore/.npm/_locks correctMkdir not in flight; initializing
42 verbose lock using /Users/quentincacciatore/.npm/_locks/cordova-fa12e2e096426a32.lock for /usr/local/lib/node_modules/cordova
43 silly install write writing cordova 6.4.0 to /usr/local/lib/node_modules/cordova
44 verbose unbuild lib/node_modules/cordova
45 info preuninstall cordova@6.4.0
46 info uninstall cordova@6.4.0
47 verbose unbuild rmStuff cordova@6.4.0 from /usr/local/lib/node_modules
48 silly gentlyRm /usr/local/bin/cordova is being gently removed
49 silly gentlyRm verifying /usr/local is an npm working directory
50 silly gentlyRm containing path /usr/local is under npm's control, in /usr/local
51 silly gentlyRm deletion target /usr/local/bin/cordova is under /usr/local
52 verbose gentlyRm vacuuming from /usr/local/bin/cordova up to /usr/local
53 silly vacuum-fs removing /usr/local/bin/cordova
54 silly vacuum-fs quitting because other entries in /usr/local/bin
55 info postuninstall cordova@6.4.0
56 silly gentlyRm /usr/local/lib/node_modules/cordova is being purged from base /usr/local
57 verbose gentlyRm don't care about contents; nuking /usr/local/lib/node_modules/cordova
58 silly vacuum-fs purging /usr/local/lib/node_modules/cordova
59 verbose unlock done using /Users/quentincacciatore/.npm/_locks/cordova-fa12e2e096426a32.lock for /usr/local/lib/node_modules/cordova
60 verbose stack Error: EACCES: permission denied, rmdir '/usr/local/lib/node_modules/cordova'
60 verbose stack     at Error (native)
61 verbose cwd /Users/quentincacciatore/Documents/Boulot/GroupUp-App
62 error Darwin 14.5.0
63 error argv "/usr/local/bin/node" "/usr/local/bin/npm" "install" "-g" "cordova"
64 error node v4.4.1
65 error npm  v2.14.20
66 error path /usr/local/lib/node_modules/cordova
67 error code EACCES
68 error errno -13
69 error syscall rmdir
70 error Error: EACCES: permission denied, rmdir '/usr/local/lib/node_modules/cordova'
70 error     at Error (native)
70 error  { [Error: EACCES: permission denied, rmdir '/usr/local/lib/node_modules/cordova']
70 error   errno: -13,
70 error   code: 'EACCES',
70 error   syscall: 'rmdir',
70 error   path: '/usr/local/lib/node_modules/cordova' }
71 error Please try running this command again as root/Administrator.
72 verbose exit [ -13, true ]
73 verbose unbuild lib/node_modules/cordova
74 info preuninstall cordova@6.4.0
75 info uninstall cordova@6.4.0
76 verbose unbuild rmStuff cordova@6.4.0 from /usr/local/lib/node_modules
77 silly gentlyRm /usr/local/bin/cordova is being gently removed
78 silly gentlyRm verifying /usr/local is an npm working directory
79 silly gentlyRm containing path /usr/local is under npm's control, in /usr/local
80 silly gentlyRm deletion target /usr/local/bin/cordova is under /usr/local
81 verbose gentlyRm vacuuming from /usr/local/bin/cordova up to /usr/local
82 info postuninstall cordova@6.4.0
83 silly gentlyRm /usr/local/lib/node_modules/cordova is being purged from base /usr/local
84 verbose gentlyRm don't care about contents; nuking /usr/local/lib/node_modules/cordova
85 silly vacuum-fs purging /usr/local/lib/node_modules/cordova
86 error error rolling back Error: EACCES: permission denied, rmdir '/usr/local/lib/node_modules/cordova'
86 error error rolling back     at Error (native)
86 error error rolling back  { [Error: EACCES: permission denied, rmdir '/usr/local/lib/node_modules/cordova']
86 error error rolling back   errno: -13,
86 error error rolling back   code: 'EACCES',
86 error error rolling back   syscall: 'rmdir',
86 error error rolling back   path: '/usr/local/lib/node_modules/cordova' }
